<?xml version="1.0" encoding="UTF-8"?>
<!-- Generated by org.testng.reporters.JUnitXMLReporter -->
<testsuite hostname="SATRALKAR" ignored="0" name="Regression" tests="5" failures="0" timestamp="06 Dec 2018 23:28:12 GMT" time="20.016" errors="0">
  <testcase name="testOne" time="4.609" classname="tests.Google"/>
  <testcase name="testOne" time="2.661" classname="tests.Google"/>
  <testcase name="testTwo" time="3.049" classname="tests.Google"/>
  <testcase name="testTwo" time="2.639" classname="tests.Google"/>
  <testcase name="testTwo" time="2.161" classname="tests.Google"/>
</testsuite> <!-- Regression -->
